<?xml version="1.0" encoding="UTF-8"?>
<!-- Generated by org.testng.reporters.JUnitXMLReporter -->
<testsuite hostname="DESKTOP-96T1B1J" ignored="0" name="Test" tests="5" failures="0" timestamp="2021-05-06T21:48:43 IST" time="36.105" errors="0">
  <testcase name="testtwo" time="0.006" classname="tests.Testtwo"/>
  <testcase name="testfour" time="0.001" classname="tests.TestFour"/>
  <testcase name="login" time="7.368" classname="tests.logintest"/>
  <testcase name="login" time="17.011" classname="tests.logintest"/>
  <testcase name="testthree" time="0.0" classname="tests.TestThree"/>
</testsuite> <!-- Test -->
